To use your local R packages in RStudio, run:
mkdir -p ~/R/{goolf,x86_64-pc-linux-gnu-library}
cd ~/R/x86_64-pc-linux-gnu-library
ln -s ../goolf/4.3

The following have been reloaded with a version change:
  1) python/.3.11.4 => python/3.11.4

Rscript (R) version 4.3.1 (2023-06-16)
**** Parsing Isoforms....
**** Parsing Isoforms....
**** Parsing Reference Transcriptome....
**** Performing Classification of Isoforms....
**** Parsing Reference Transcriptome....
**** Performing Classification of Isoforms....
Output written to: 09_sqanti_protein/mother/Mot.sqanti_protein_classification.tsv
Rscript (R) version 4.3.1 (2023-06-16)
**** Parsing Isoforms....
**** Parsing Isoforms....
**** Parsing Reference Transcriptome....
**** Performing Classification of Isoforms....
**** Parsing Reference Transcriptome....
**** Performing Classification of Isoforms....
Output written to: 09_sqanti_protein/patient/Pat.sqanti_protein_classification.tsv
